 $Rev:: 532      $  $Date:: 2011-12-05#$                             1 0  0    0
 1001.00000 .999167300          0          0          0          5 125 1451    1
 0.0        0.0                 0          0          0          6 125 1451    2
 1.00000000 20000000.0          1          0         10          7 125 1451    3
 0.0        0.0                 0          0         89         10 125 1451    4
  1-H -  1 LANL       EVAL-OCT05 G.M.Hale                          125 1451    5
                      DIST-DEC06                       20111222    125 1451    6
----ENDF/B-VII.1      MATERIAL  125                                125 1451    7
-----INCIDENT NEUTRON DATA                                         125 1451    8
------ENDF-6 FORMAT                                                125 1451    9
                                                                   125 1451   10
 ****************************************************************  125 1451   11
The new R-matrix analysis of the N-N system on which the ENDF/B-   125 1451   12
VII evaluation for 1H is based differs from the previous one use   125 1451   13
for ENDF/B-VI in several respects. Firstly, the n-p capture        125 1451   14
reaction (MT=102), and its inverse, deuteron photo-                125 1451   15
disintegration, were a part of the analysis, rather than added     125 1451   16
later as before. The analysis used a new method for including      125 1451   17
photon channels in R-matrix theory [1], which gave a better        125 1451   18
description of the E1 transitions, in particular.  The data for    125 1451   19
these reactions are mostly integrated and differential cross       125 1451   20
sections, but some information about polarizations was also        125 1451   21
included.  The thermal capture cross section was taken to be       125 1451   22
332.0 mb, as was the recommendation from preliminary data          125 1451   23
testing. Good agreement was obtained with recent cross-section     125 1451   24
measurements [2,3] by astrophysical groups in the 20-550 keV       125 1451   25
range, as well as with earlier measurements that had been done     125 1451   26
mostly as photo-disintegration experiments at energies below 14    125 1451   27
MeV.                                                               125 1451   28
The new analysis includes several additional measurements of the   125 1451   29
total cross section (MT=1).  The evaluated cross section           125 1451   30
deviates at most by about -0.5% around 10 MeV from that of         125 1451   31
ENDF/B-VI.  The estimated uncertainty of the MT=1 cross section    125 1451   32
is given at 2 MeV steps in the following table:                    125 1451   33
           En             Uncert. (%)                              125 1451   34
            0                0.20                                  125 1451   35
            2                0.22                                  125 1451   36
            4                0.30                                  125 1451   37
            6                0.36                                  125 1451   38
            8                0.44                                  125 1451   39
           10                0.50                                  125 1451   40
           12                0.49                                  125 1451   41
           14                0.46                                  125 1451   42
           16                0.40                                  125 1451   43
           18                0.35                                  125 1451   44
           20                0.30                                  125 1451   45
                                                                   125 1451   46
For n-p scattering (MT=2), new information was included about the  125 1451   47
low-energy cross sections (MF=3) and about the angular             125 1451   48
distributions (MF=4).  A new measurement of the angular            125 1451   49
distribution at 10 MeV [4], plus corrections to earlier data at    125 1451   50
14 MeV, moved the back-angle asymmetry in the 10-14 MeV range to   125 1451   51
values that lie between those obtained for ENDF/B-V and ENDF/B-    125 1451   52
VI.  The addition of the latest value of the thermal coherent      125 1451   53
scattering length [5] had the interesting effect of reducing the   125 1451   54
"zero-energy" scattering cross section somewhat to agree           125 1451   55
perfectly with an earlier measurement by Houk [6], and disagree    125 1451   56
with the later, more precise, value of Dilg [7].  The              125 1451   57
covariances for MT=2 will be added later, but the uncertainties    125 1451   58
on the integrated cross section should be similar to those         125 1451   59
listed above for the total cross section.                          125 1451   60
                                                                   125 1451   61
REFERENCES                                                         125 1451   62
                                                                   125 1451   63
[1] G. M. Hale and A. S. Johnson, Proc. 17th Int. IUPAP Conf. on   125 1451   64
    Few-Body Problems in Physics, 5-10 June 2003, Durham NC, W.    125 1451   65
    Gloeckle and W. Tornow,  eds., Elsevier B.V., pp. S120-S122    125 1451   66
   (2004).                                                         125 1451   67
[2] T. S. Suzuki et al., Astrophys. Lett. 449, L59 (1995).         125 1451   68
[3] Y. Nagai et al., Phys. Rev. C 56, 3173 (1997).                 125 1451   69
[4] N. Boukharouba et al., Phys. Rev. C 65, 014004 (2002).         125 1451   70
[5] K. Schoen et al., Phys. Rev. C 67, 044005 (2003).              125 1451   71
[6] T. L. Houk, Phys. Rev. C 3, 1886 (1971).                       125 1451   72
[7] W. Dilg, Phys. Rev. C 11, 103 (1975).                          125 1451   73
 ****************************************************************  125 1451   74
                                                                   125 1451   75
Covariances were adopted from COMMARA-2.0 library in July 2011.    125 1451   76
These covariances were obtained at LANL by full scale R-matrix     125 1451   77
analysis of more than 5000 experimental data (chi-square/degree    125 1451   78
of freedom of 0.83). [1] The major channel in this case is elastic 125 1451   79
scattering, often labeled also as ''n-p'' scattering. Elastic      125 1451   80
scattering serves as neutron cross section standard from 1 keV to  125 1451   81
20 MeV, with cross sections well determined. Uncertainties for     125 1451   82
elastic scattering rise from values well below 1%, reach maximum   125 1451   83
at about 8 MeV, then gradually decrease with increasing energy.    125 1451   84
In addition to elastic scattering, covariances are supplied for    125 1451   85
radiative capture.                                                 125 1451   86
                                                                   125 1451   87
REFERENCES                                                         125 1451   88
[1] G. M. Hale, "Covariances from light-element R-matrix           125 1451   89
analyses," Nuclear Data Sheets, 109, 2812 (2008).                  125 1451   90
 ****************************************************************  125 1451   91
 ***************** Program ENDF2C (Version 2014-1) *************** 125 1451   92
     Convert ENDF Data to Standard FORTRAN, C and C++ Format       125 1451   93
                                1        451        101          5 125 1451   94
                                2        151          4          0 125 1451   95
                                3          1         35          4 125 1451   96
                                3          2         35          4 125 1451   97
                                3        102         35          5 125 1451   98
                                4          2        196          4 125 1451   99
                                6        102        201          4 125 1451  100
                               33          1          5          5 125 1451  101
                               33          2         21          5 125 1451  102
                               33        102         21          5 125 1451  103
                                                                   125 1  099999
                                                                   125 0  0    0
 1001.00000 .999167300          0          0          1          0 125 2151    1
 1001.00000 1.00000000          0          0          1          0 125 2151    2
 1.00000D-5 100000.000          0          0          0          0 125 2151    3
 .500000000 1.27655300          0          0          0          0 125 2151    4
                                                                   125 2  099999
                                                                   125 0  0    0
 1001.00000 .999167300          0          0          0          0 125 3  1    1
 0.0        0.0                 0          0          2         96 125 3  1    2
         30          5         96          2                       125 3  1    3
 1.00000D-5 37.1362800 2.00000D-5 32.2449800 5.00000D-5 27.9047800 125 3  1    4
 1.00000D-4 25.7173200 2.00000D-4 24.1705600 5.00000D-4 22.7980600 125 3  1    5
 .001000000 22.1063300 .002000000 21.6172000 .005000000 21.1831800 125 3  1    6
 .010000000 20.9644300 .025300000 20.7683400 .050000000 20.6725000 125 3  1    7
 .100000000 20.6033200 .200000000 20.5543900 .500000000 20.5109500 125 3  1    8
 1.00000000 20.4890100 2.00000000 20.4734100 5.00000000 20.4592800 125 3  1    9
 10.0000000 20.4516900 20.0000000 20.4454500 50.0000000 20.4370700 125 3  1   10
 100.000000 20.4281500 200.000000 20.4131700 500.000000 20.3716100 125 3  1   11
 1000.00000 20.3043500 2000.00000 20.1722100 4000.00000 19.9143300 125 3  1   12
 6000.00000 19.6640700 8000.00000 19.4209600 10000.0000 19.1846800 125 3  1   13
 15000.0000 18.6219500 20000.0000 18.0960000 40000.0000 16.2957500 125 3  1   14
 60000.0000 14.8674400 80000.0000 13.7059500 100000.000 12.7423900 125 3  1   15
 150000.000 10.9234700 200000.000 9.64323700 300000.000 7.95199400 125 3  1   16
 400000.000 6.87645100 500000.000 6.12548100 600000.000 5.56691300 125 3  1   17
 700000.000 5.13204300 800000.000 4.78160300 900000.000 4.49150400 125 3  1   18
 1000000.00 4.24613800 1200000.00 3.85048900 1400000.00 3.54178300 125 3  1   19
 1600000.00 3.29134900 1800000.00 3.08222400 2000000.00 2.90368200 125 3  1   20
 2200000.00 2.74858000 2400000.00 2.61195500 2600000.00 2.49023500 125 3  1   21
 2800000.00 2.38077300 3000000.00 2.28155800 3200000.00 2.19103000 125 3  1   22
 3400000.00 2.10795400 3600000.00 2.03133700 3800000.00 1.96037100 125 3  1   23
 4000000.00 1.89438600 4200000.00 1.83282300 4400000.00 1.77521300 125 3  1   24
 4600000.00 1.72115300 4800000.00 1.67029900 5000000.00 1.62235400 125 3  1   25
 5500000.00 1.51358700 6000000.00 1.41819100 6500000.00 1.33374300 125 3  1   26
 7000000.00 1.25840000 7500000.00 1.19073000 8000000.00 1.12959600 125 3  1   27
 8500000.00 1.07408400 9000000.00 1.02344700 9500000.00 .977066600 125 3  1   28
 10000000.0 .934429000 10500000.0 .895099900 11000000.0 .858710800 125 3  1   29
 11500000.0 .824946300 12000000.0 .793535100 12500000.0 .764241800 125 3  1   30
 13000000.0 .736861500 13500000.0 .711214800 14000000.0 .687143900 125 3  1   31
 14500000.0 .664509500 15000000.0 .643188000 15500000.0 .623069300 125 3  1   32
 16000000.0 .604055200 16500000.0 .586057700 17000000.0 .568997700 125 3  1   33
 17500000.0 .552804000 18000000.0 .537412100 18500000.0 .522763700 125 3  1   34
 19000000.0 .508805900 19500000.0 .495490500 20000000.0 .482773500 125 3  1   35
                                                                   125 3  099999
 1001.00000 .999167300          0          0          0          0 125 3  2    1
 0.0        0.0                 0          0          1         96 125 3  2    2
         96          2                                             125 3  2    3
 1.00000D-5 20.4363400 2.00000D-5 20.4363400 5.00000D-5 20.4363400 125 3  2    4
 1.00000D-4 20.4363300 2.00000D-4 20.4363300 5.00000D-4 20.4363300 125 3  2    5
 .001000000 20.4363300 .002000000 20.4363300 .005000000 20.4363300 125 3  2    6
 .010000000 20.4363300 .025300000 20.4363300 .050000000 20.4363300 125 3  2    7
 .100000000 20.4363200 .200000000 20.4363100 .500000000 20.4362700 125 3  2    8
 1.00000000 20.4362000 2.00000000 20.4360600 5.00000000 20.4356600 125 3  2    9
 10.0000000 20.4349900 20.0000000 20.4336400 50.0000000 20.4296000 125 3  2   10
 100.000000 20.4228800 200.000000 20.4094400 500.000000 20.3692600 125 3  2   11
 1000.00000 20.3026900 2000.00000 20.1710500 4000.00000 19.9135200 125 3  2   12
 6000.00000 19.6634100 8000.00000 19.4204000 10000.0000 19.1841800 125 3  2   13
 15000.0000 18.6215600 20000.0000 18.0956700 40000.0000 16.2955400 125 3  2   14
 60000.0000 14.8672800 80000.0000 13.7058300 100000.000 12.7422900 125 3  2   15
 150000.000 10.9234000 200000.000 9.64317800 300000.000 7.95194900 125 3  2   16
 400000.000 6.87641200 500000.000 6.12544500 600000.000 5.56687900 125 3  2   17
 700000.000 5.13201000 800000.000 4.78157000 900000.000 4.49147100 125 3  2   18
 1000000.00 4.24610400 1200000.00 3.85045400 1400000.00 3.54174800 125 3  2   19
 1600000.00 3.29131400 1800000.00 3.08218700 2000000.00 2.90364500 125 3  2   20
 2200000.00 2.74854300 2400000.00 2.61191800 2600000.00 2.49019700 125 3  2   21
 2800000.00 2.38073600 3000000.00 2.28152100 3200000.00 2.19099300 125 3  2   22
 3400000.00 2.10791700 3600000.00 2.03130100 3800000.00 1.96033400 125 3  2   23
 4000000.00 1.89434900 4200000.00 1.83278700 4400000.00 1.77517700 125 3  2   24
 4600000.00 1.72111800 4800000.00 1.67026400 5000000.00 1.62231800 125 3  2   25
 5500000.00 1.51355300 6000000.00 1.41815700 6500000.00 1.33370900 125 3  2   26
 7000000.00 1.25836700 7500000.00 1.19069700 8000000.00 1.12956400 125 3  2   27
 8500000.00 1.07405200 9000000.00 1.02341500 9500000.00 .977034700 125 3  2   28
 10000000.0 .934397400 10500000.0 .895068500 11000000.0 .858679600 125 3  2   29
 11500000.0 .824915400 12000000.0 .793504400 12500000.0 .764211300 125 3  2   30
 13000000.0 .736831300 13500000.0 .711184800 14000000.0 .687114100 125 3  2   31
 14500000.0 .664479900 15000000.0 .643158600 15500000.0 .623040100 125 3  2   32
 16000000.0 .604026200 16500000.0 .586029000 17000000.0 .568969200 125 3  2   33
 17500000.0 .552775700 18000000.0 .537384000 18500000.0 .522735900 125 3  2   34
 19000000.0 .508778300 19500000.0 .495463000 20000000.0 .482746200 125 3  2   35
                                                                   125 3  099999
 1001.00000 .999167300          0          0          0          0 125 3102    1
 2224631.00 2224631.00          0          0          2         96 125 3102    2
         30          5         96          2                       125 3102    3
 1.00000D-5 16.6999400 2.00000D-5 11.8086400 5.00000D-5 7.46844100 125 3102    4
 1.00000D-4 5.28098500 2.00000D-4 3.73422100 5.00000D-4 2.36172800 125 3102    5
 .001000000 1.66999400 .002000000 1.18086400 .005000000 .746844100 125 3102    6
 .010000000 .528098500 .025300000 .332012600 .050000000 .236172800 125 3102    7
 .100000000 .166999300 .200000000 .118086300 .500000000 .074684150 125 3102    8
 1.00000000 .052809480 2.00000000 .037341680 5.00000000 .023616450 125 3102    9
 10.0000000 .016698770 20.0000000 .011806980 50.0000000 .007465816 125 3102   10
 100.000000 .005277275 200.000000 .003728978 500.000000 .002353460 125 3102   11
 1000.00000 .001658348 2000.00000 .001164526 4000.000008.122556D-4 125 3102   12
 6000.000006.543522D-4 8000.000005.592552D-4 10000.00004.937688D-4 125 3102   13
 15000.00003.906824D-4 20000.00003.283054D-4 40000.00002.082663D-4 125 3102   14
 60000.00001.550608D-4 80000.00001.241126D-4 100000.000 1.03774D-4 125 3102   15
 150000.0007.450778D-5 200000.0005.927795D-5 300000.0004.460357D-5 125 3102   16
 400000.0003.827476D-5 500000.0003.529043D-5 600000.0003.389904D-5 125 3102   17
 700000.0003.334204D-5 800000.0003.324413D-5 900000.0003.340211D-5 125 3102   18
 1000000.003.369898D-5 1200000.003.445546D-5 1400000.003.521705D-5 125 3102   19
 1600000.003.587303D-5 1800000.003.638957D-5 2000000.003.676631D-5 125 3102   20
 2200000.003.701693D-5 2400000.003.715993D-5 2600000.003.721435D-5 125 3102   21
 2800000.003.719773D-5 3000000.003.712539D-5 3200000.003.701023D-5 125 3102   22
 3400000.003.686289D-5 3600000.003.669203D-5 3800000.003.650457D-5 125 3102   23
 4000000.00 3.63060D-5 4200000.003.610063D-5 4400000.003.589183D-5 125 3102   24
 4600000.003.568218D-5 4800000.003.547364D-5 5000000.003.526769D-5 125 3102   25
 5500000.003.477049D-5 6000000.003.430506D-5 6500000.003.387418D-5 125 3102   26
 7000000.003.347699D-5 7500000.003.311084D-5 8000000.003.277233D-5 125 3102   27
 8500000.003.245788D-5 9000000.00 3.21640D-5 9500000.003.188749D-5 125 3102   28
 10000000.03.162545D-5 10500000.03.137531D-5 11000000.03.113485D-5 125 3102   29
 11500000.03.090214D-5 12000000.03.067552D-5 12500000.0 3.04536D-5 125 3102   30
 13000000.03.023518D-5 13500000.03.001928D-5 14000000.02.980507D-5 125 3102   31
 14500000.0 2.95919D-5 15000000.0 2.93792D-5 15500000.02.916656D-5 125 3102   32
 16000000.02.895363D-5 16500000.02.874018D-5 17000000.02.852603D-5 125 3102   33
 17500000.02.831107D-5 18000000.02.809523D-5 18500000.02.787851D-5 125 3102   34
 19000000.02.766095D-5 19500000.02.744259D-5 20000000.02.722354D-5 125 3102   35
                                                                   125 3  099999
                                                                   125 0  0    0
 1001.00000 .999167300          0          1          0          0 125 4  2    1
 0.0        .999167300          0          2          0          0 125 4  2    2
 0.0        0.0                 0          0          1         96 125 4  2    3
         96          2                                             125 4  2    4
 0.0        1.00000D-5          0          0          6          0 125 4  2    5
-1.6027D-145.54677D-172.13338D-17 2.2756D-17-7.7577D-18-2.2318D-17 125 4  2    6
 0.0        2.00000D-5          0          0          6          0 125 4  2    7
-3.1904D-144.35208D-179.75257D-182.08597D-17-1.3964D-17-4.0698D-17 125 4  2    8
 0.0        5.00000D-5          0          0          6          0 125 4  2    9
-7.9901D-144.90676D-173.04768D-171.42225D-176.20618D-18-3.5447D-17 125 4  2   10
 0.0        1.00000D-4          0          0          6          0 125 4  2   11
-1.5970D-134.30942D-171.21907D-17 8.5335D-18-1.8619D-17-2.7570D-17 125 4  2   12
 0.0        2.00000D-4          0          0          6          0 125 4  2   13
-3.1950D-132.00537D-17-7.3144D-18 8.5335D-18-1.0861D-17-3.0196D-17 125 4  2   14
 0.0        5.00000D-4          0          0          6          0 125 4  2   15
-7.9863D-132.26138D-172.37719D-172.65487D-17-1.5516D-17-3.5447D-17 125 4  2   16
 0.0        .001000000          0          0          6          0 125 4  2   17
-1.5973D-124.69342D-173.53531D-172.37042D-17-2.0170D-17-2.6257D-17 125 4  2   18
 0.0        .002000000          0          0          6          0 125 4  2   19
-3.1945D-126.18679D-172.68196D-17 1.1378D-17-1.2412D-17-2.6257D-17 125 4  2   20
 0.0        .005000000          0          0          6          0 125 4  2   21
-7.9861D-126.22945D-174.57152D-171.32743D-17-1.5516D-18-2.3631D-17 125 4  2   22
 0.0        .010000000          0          0          6          0 125 4  2   23
-1.5972D-117.80815D-171.58479D-172.93932D-17-1.0861D-17-3.1508D-17 125 4  2   24
 0.0        .025300000          0          0          6          0 125 4  2   25
-4.0410D-115.07743D-17-6.7049D-181.51707D-17-3.1031D-18-2.3631D-17 125 4  2   26
 0.0        .050000000          0          0          6          0 125 4  2   27
-7.9862D-116.01612D-173.04768D-17 2.8445D-17-1.7067D-17-1.5754D-17 125 4  2   28
 0.0        .100000000          0          0          6          0 125 4  2   29
-1.5972D-105.33344D-172.31624D-172.74969D-17-1.8619D-17-3.0196D-17 125 4  2   30
 0.0        .200000000          0          0          6          0 125 4  2   31
-3.1945D-103.24273D-179.75258D-182.56005D-17-1.0861D-17-2.4944D-17 125 4  2   32
 0.0        .500000000          0          0          6          0 125 4  2   33
-7.9862D-103.24274D-17-3.6572D-182.93933D-17 0.0       -2.7570D-17 125 4  2   34
 0.0        1.00000000          0          0          6          0 125 4  2   35
-1.59723D-96.44283D-171.52385D-171.99116D-17-1.5516D-18-1.8380D-17 125 4  2   36
 0.0        2.00000000          0          0          6          0 125 4  2   37
-3.19446D-9 2.9441D-172.07245D-171.89636D-17-1.7067D-17-3.8073D-17 125 4  2   38
 0.0        5.00000000          0          0          6          0 125 4  2   39
-7.98610D-9-3.2428D-176.82702D-171.51712D-17-1.0861D-17-3.2822D-17 125 4  2   40
 0.0        10.0000000          0          0          6          0 125 4  2   41
-1.59721D-8-2.0354D-162.13352D-173.69809D-17-1.2413D-17-3.8075D-17 125 4  2   42
 0.0        20.0000000          0          0          6          0 125 4  2   43
-3.19437D-8-7.7494D-164.26731D-171.32761D-17-6.2070D-18-3.9391D-17 125 4  2   44
 0.0        50.0000000          0          0          6          0 125 4  2   45
-7.98554D-8-5.1051D-154.45108D-172.56089D-17-3.1041D-18-3.6772D-17 125 4  2   46
 0.0        100.000000          0          0          6          0 125 4  2   47
-1.59698D-7-2.0533D-145.06248D-175.69275D-189.31541D-18-3.9411D-17 125 4  2   48
 0.0        200.000000          0          0          6          0 125 4  2   49
-3.19348D-7-8.2140D-148.11751D-172.08872D-172.79646D-17-3.6808D-17 125 4  2   50
 0.0        500.000000          0          0          6          0 125 4  2   51
-7.97999D-7-5.1679D-13 1.2292D-16-4.1857D-173.26897D-17-5.5321D-17 125 4  2   52
 0.0        1000.00000          0          0          6          0 125 4  2   53
-1.59477D-6-2.0912D-123.19045D-17-9.8781D-171.01514D-16-8.8540D-17 125 4  2   54
 0.0        2000.00000          0          0          6          0 125 4  2   55
-3.18464D-6-8.5614D-12-1.0949D-15-2.1038D-161.76059D-16-1.5429D-16 125 4  2   56
 0.0        4000.00000          0          0          6          0 125 4  2   57
-6.34977D-6-3.5820D-11-1.2045D-14-4.2766D-163.53486D-16-2.7755D-16 125 4  2   58
 0.0        6000.00000          0          0          6          0 125 4  2   59
-9.49557D-6-8.4123D-11-4.2563D-14-6.5975D-165.40198D-16-3.9978D-16 125 4  2   60
 0.0        8000.00000          0          0          6          0 125 4  2   61
-1.26222D-5-1.5579D-10-1.0252D-13-8.9799D-167.13495D-16-5.0840D-16 125 4  2   62
 0.0        10000.0000          0          0          6          0 125 4  2   63
-1.57299D-5-2.5313D-10-2.0167D-13-1.1025D-159.10701D-16-6.3773D-16 125 4  2   64
 0.0        15000.0000          0          0          6          0 125 4  2   65
-2.34171D-5-6.2358D-10-6.8517D-13-1.6498D-151.36901D-15-9.2067D-16 125 4  2   66
 0.0        20000.0000          0          0          6          0 125 4  2   67
-3.09892D-5-1.20338D-9-1.6273D-12-2.1604D-151.78553D-15-1.2084D-15 125 4  2   68
 0.0        40000.0000          0          0          6          0 125 4  2   69
-6.01761D-5-6.28066D-9-1.3026D-11-2.5060D-153.49466D-15-2.3017D-15 125 4  2   70
 0.0        60000.0000          0          0          6          0 125 4  2   71
-8.77115D-5-1.72627D-8-4.3911D-114.09117D-155.10895D-15-3.3485D-15 125 4  2   72
 0.0        80000.0000          0          0          6          0 125 4  2   73
-1.13732D-4-3.59740D-8-1.0395D-102.76769D-14 6.6003D-15-4.3291D-15 125 4  2   74
 0.0        100000.000          0          0          6          0 125 4  2   75
-1.38363D-4-6.40549D-8-2.0279D-108.43427D-148.04499D-15-5.2534D-15 125 4  2   76
 0.0        150000.000          0          0          6          0 125 4  2   77
-1.94581D-4-1.84577D-7-6.8271D-105.41898D-131.11364D-14-7.3624D-15 125 4  2   78
 0.0        200000.000          0          0          6          0 125 4  2   79
-2.44325D-4-3.91810D-7-1.61547D-91.96671D-121.33284D-14-9.2037D-15 125 4  2   80
 0.0        300000.000          0          0          6          0 125 4  2   81
-3.29090D-4-1.12241D-6-5.44381D-91.20809D-111.11648D-14-1.2243D-14 125 4  2   82
 0.0        400000.000          0          0          6          0 125 4  2   83
-4.00040D-4-2.33750D-6-1.29099D-84.39253D-11-1.4870D-14-1.4519D-14 125 4  2   84
 0.0        500000.000          0          0          6          0 125 4  2   85
-4.62189D-4-4.08313D-6-2.52648D-8 1.1965D-10-1.0224D-13-1.5882D-14 125 4  2   86
 0.0        600000.000          0          0          6          0 125 4  2   87
-5.19026D-4-6.38247D-6-4.37945D-82.71261D-10-3.2066D-13-1.5656D-14 125 4  2   88
 0.0        700000.000          0          0          6          0 125 4  2   89
-5.73021D-4-9.24351D-6-6.98230D-85.41601D-10-7.8430D-13-1.2393D-14 125 4  2   90
 0.0        800000.000          0          0          6          0 125 4  2   91
-6.25946D-4-1.26639D-5-1.04713D-7 9.8520D-10-1.6656D-12-3.3947D-15 125 4  2   92
 0.0        900000.000          0          0          6          0 125 4  2   93
-6.79085D-4-1.66341D-5-1.49866D-71.669031D-9-3.2101D-121.58103D-14 125 4  2   94
 0.0        1000000.00          0          0          6          0 125 4  2   95
-7.33372D-4-2.11396D-5-2.06720D-72.673195D-9-5.7521D-125.20928D-14 125 4  2   96
 0.0        1200000.00          0          0          6          0 125 4  2   97
-8.47919D-4-3.16814D-5-3.61469D-76.032387D-9-1.5712D-112.20426D-13 125 4  2   98
 0.0        1400000.00          0          0          6          0 125 4  2   99
-9.73035D-4-4.41176D-5-5.81171D-71.198952D-8-3.6662D-116.38976D-13 125 4  2  100
 0.0        1600000.00          0          0          6          0 125 4  2  101
-.001110396-5.82547D-5-8.78539D-72.171843D-8-7.6311D-111.54982D-12 125 4  2  102
 0.0        1800000.00          0          0          6          0 125 4  2  103
-.001260650-7.38890D-5-1.26673D-63.665566D-8-1.4564D-103.34681D-12 125 4  2  104
 0.0        2000000.00          0          0          6          0 125 4  2  105
-.001423828-9.08127D-5-1.75928D-65.851432D-8-2.5959D-106.63326D-12 125 4  2  106
 0.0        2200000.00          0          0          6          0 125 4  2  107
-.001599596-1.08818D-4-2.37006D-68.929648D-8-4.3788D-101.22906D-11 125 4  2  108
 0.0        2400000.00          0          0          6          0 125 4  2  109
-.001787397-1.27700D-4-3.11322D-6 1.31304D-7-7.0577D-102.15587D-11 125 4  2  110
 0.0        2600000.00          0          0          6          0 125 4  2  111
-.001986543-1.47256D-4-4.00310D-61.871481D-7-1.09493D-93.61281D-11 125 4  2  112
 0.0        2800000.00          0          0          6          0 125 4  2  113
-.002196275-1.67290D-4-5.05423D-62.597574D-7-1.64434D-95.82445D-11 125 4  2  114
 0.0        3000000.00          0          0          6          0 125 4  2  115
-.002415802-1.87608D-4-6.28123D-63.523845D-7-2.40118D-99.08251D-11 125 4  2  116
 0.0        3200000.00          0          0          6          0 125 4  2  117
-.002644320-2.08025D-4-7.69883D-64.686119D-7-3.42181D-91.37588D-10 125 4  2  118
 0.0        3400000.00          0          0          6          0 125 4  2  119
-.002881032-2.28358D-4-9.32173D-66.123562D-7-4.77275D-92.03193D-10 125 4  2  120
 0.0        3600000.00          0          0          6          0 125 4  2  121
-.003125155-2.48432D-4-1.11647D-57.878708D-7-6.53166D-92.93396D-10 125 4  2  122
 0.0        3800000.00          0          0          6          0 125 4  2  123
-.003375929-2.68077D-4-1.32422D-59.997483D-7-8.78836D-94.15213D-10 125 4  2  124
 0.0        4000000.00          0          0          6          0 125 4  2  125
-.003632621-2.87126D-4-1.55690D-51.252921D-6-1.16459D-8 5.7710D-10 125 4  2  126
 0.0        4200000.00          0          0          6          0 125 4  2  127
-.003894523-3.05421D-4-1.81593D-51.552661D-6-1.52216D-87.89138D-10 125 4  2  128
 0.0        4400000.00          0          0          6          0 125 4  2  129
-.004160959-3.22808D-4-2.10274D-51.904579D-6-1.96480D-81.063237D-9 125 4  2  130
 0.0        4600000.00          0          0          6          0 125 4  2  131
-.004431281-3.39136D-4-2.41873D-5 2.31462D-6-2.50741D-8 1.41334D-9 125 4  2  132
 0.0        4800000.00          0          0          6          0 125 4  2  133
-.004704871-3.54263D-4-2.76529D-52.789062D-6-3.16664D-81.855647D-9 125 4  2  134
 0.0        5000000.00          0          0          6          0 125 4  2  135
-.004981141-3.68049D-4-3.14375D-53.334512D-6-3.96098D-82.408842D-9 125 4  2  136
 0.0        5500000.00          0          0          6          0 125 4  2  137
-.005679924-3.95775D-4-4.23807D-55.055049D-6-6.67723D-84.424783D-9 125 4  2  138
 0.0        6000000.00          0          0          6          0 125 4  2  139
-.006383999-4.12318D-4-5.55964D-5 7.38034D-6-1.07494D-77.696311D-9 125 4  2  140
 0.0        6500000.00          0          0          6          0 125 4  2  141
-.007086327-4.15873D-4-7.12663D-51.043877D-5-1.66458D-71.278482D-8 125 4  2  142
 0.0        7000000.00          0          0          6          0 125 4  2  143
-.007780770-4.04797D-4-8.95549D-51.436937D-5-2.49352D-72.041808D-8 125 4  2  144
 0.0        7500000.00          0          0          6          0 125 4  2  145
-.008462005-3.77596D-4-1.10608D-41.932077D-5-3.62946D-73.151607D-8 125 4  2  146
 0.0        8000000.00          0          0          6          0 125 4  2  147
-.009125450-3.32920D-4-1.34550D-42.544987D-5-5.15184D-74.721614D-8 125 4  2  148
 0.0        8500000.00          0          0          6          0 125 4  2  149
-.009767198-2.69548D-4-1.61486D-43.292049D-5-7.15242D-7 6.88967D-8 125 4  2  150
 0.0        9000000.00          0          0          6          0 125 4  2  151
-.010383960-1.86390D-4-1.91496D-44.190187D-5-9.73596D-79.819844D-8 125 4  2  152
 0.0        9500000.00          0          0          6          0 125 4  2  153
-.010972990-8.24728D-5-2.24638D-45.256701D-5-1.30206D-61.370421D-7 125 4  2  154
 0.0        10000000.0          0          0          6          0 125 4  2  155
-.0115320704.305945D-5-2.60947D-46.509103D-5-1.71380D-61.876417D-7 125 4  2  156
 0.0        10500000.0          0          0          6          0 125 4  2  157
-.0120594601.909526D-4-3.00430D-47.964939D-5-2.22340D-62.525125D-7 125 4  2  158
 0.0        11000000.0          0          0          6          0 125 4  2  159
-.0125538403.618455D-4-3.43073D-49.641609D-5-2.84677D-63.344716D-7 125 4  2  160
 0.0        11500000.0          0          0          6          0 125 4  2  161
-.0130142605.562731D-4-3.88834D-41.155618D-4-3.60121D-6 4.36632D-7 125 4  2  162
 0.0        12000000.0          0          0          6          0 125 4  2  163
-.0134401707.746695D-4-4.37645D-4 1.37252D-4-4.50530D-65.623869D-7 125 4  2  164
 0.0        12500000.0          0          0          6          0 125 4  2  165
-.013831320 .001017370-4.89412D-41.616451D-4-5.57889D-67.153846D-7 125 4  2  166
 0.0        13000000.0          0          0          6          0 125 4  2  167
-.014187780 .001284611-5.44016D-41.888906D-4-6.84294D-68.994924D-7 125 4  2  168
 0.0        13500000.0          0          0          6          0 125 4  2  169
-.014509880 .001576537-6.01307D-42.191273D-4-8.31951D-61.118749D-6 125 4  2  170
 0.0        14000000.0          0          0          6          0 125 4  2  171
-.014798200 .001893193-6.61111D-42.524811D-4-1.00315D-51.377304D-6 125 4  2  172
 0.0        14500000.0          0          0          6          0 125 4  2  173
-.015053560 .002234535-7.23223D-42.890636D-4-1.20027D-51.679343D-6 125 4  2  174
 0.0        15000000.0          0          0          6          0 125 4  2  175
-.015276970 .002600421-7.87410D-43.289702D-4-1.42573D-5 2.02900D-6 125 4  2  176
 0.0        15500000.0          0          0          6          0 125 4  2  177
-.015469630 .002990619-8.53406D-43.722784D-4-1.68200D-52.430256D-6 125 4  2  178
 0.0        16000000.0          0          0          6          0 125 4  2  179
-.015632900 .003404804-9.20917D-44.190458D-4-1.97156D-52.886815D-6 125 4  2  180
 0.0        16500000.0          0          0          6          0 125 4  2  181
-.015768290 .003842559-9.89614D-4 4.69309D-4-2.29687D-53.401977D-6 125 4  2  182
 0.0        17000000.0          0          0          6          0 125 4  2  183
-.015877440 .004303372-.0010591335.230817D-4-2.66035D-53.978483D-6 125 4  2  184
 0.0        17500000.0          0          0          6          0 125 4  2  185
-.015962100 .004786642-.0011290735.803532D-4-3.06435D-54.618354D-6 125 4  2  186
 0.0        18000000.0          0          0          6          0 125 4  2  187
-.016024120 .005291673-.0011989966.410869D-4-3.51112D-55.322711D-6 125 4  2  188
 0.0        18500000.0          0          0          6          0 125 4  2  189
-.016065440 .005817678-.001268420 7.05219D-4-4.00273D-56.091582D-6 125 4  2  190
 0.0        19000000.0          0          0          6          0 125 4  2  191
-.016088060 .006363777-.0013368197.726571D-4-4.54110D-56.923702D-6 125 4  2  192
 0.0        19500000.0          0          0          6          0 125 4  2  193
-.016094070 .006928997-.0014036188.432785D-4-5.12788D-5 7.81630D-6 125 4  2  194
 0.0        20000000.0          0          0          6          0 125 4  2  195
-.016085570 .007512273-.0014681899.169295D-4-5.76446D-58.764883D-6 125 4  2  196
                                                                   125 4  099999
                                                                   125 0  0    0
 1001.00000 .999167300          0          2          2          0 125 6102    1
 0.0        2223300.00          0          2          1          2 125 6102    2
          2          2                                             125 6102    3
 1.00000D-5 1.00000000 20000000.0 1.00000000                       125 6102    4
 0.0        0.0                 0          0          1         96 125 6102    5
         96          2                                             125 6102    6
 0.0        1.00000D-5          0          0          2          2 125 6102    7
-6.16095D-8-8.8624D-13                                             125 6102    8
 0.0        2.00000D-5          0          0          2          2 125 6102    9
-8.71289D-8-1.7724D-12                                             125 6102   10
 0.0        5.00000D-5          0          0          2          2 125 6102   11
-1.37763D-7-4.4310D-12                                             125 6102   12
 0.0        1.00000D-4          0          0          2          2 125 6102   13
-1.94826D-7-8.8620D-12                                             125 6102   14
 0.0        2.00000D-4          0          0          2          2 125 6102   15
-2.75525D-7-1.7724D-11                                             125 6102   16
 0.0        5.00000D-4          0          0          2          2 125 6102   17
-4.35641D-7-4.4310D-11                                             125 6102   18
 0.0        .001000000          0          0          2          2 125 6102   19
-6.16086D-7-8.8620D-11                                             125 6102   20
 0.0        .002000000          0          0          2          2 125 6102   21
-8.71272D-7-1.7724D-10                                             125 6102   22
 0.0        .005000000          0          0          2          2 125 6102   23
-1.37758D-6-4.4310D-10                                             125 6102   24
 0.0        .010000000          0          0          2          2 125 6102   25
-1.94817D-6-8.8620D-10                                             125 6102   26
 0.0        .025300000          0          0          2          2 125 6102   27
-3.09866D-6-2.24207D-9                                             125 6102   28
 0.0        .050000000          0          0          2          2 125 6102   29
-4.35597D-6-4.43097D-9                                             125 6102   30
 0.0        .100000000          0          0          2          2 125 6102   31
-6.15999D-6-8.86195D-9                                             125 6102   32
 0.0        .200000000          0          0          2          2 125 6102   33
-8.71098D-6-1.77239D-8                                             125 6102   34
 0.0        .500000000          0          0          2          2 125 6102   35
-1.37715D-5-4.43099D-8                                             125 6102   36
 0.0        1.00000000          0          0          2          2 125 6102   37
-1.94731D-5-8.86200D-8                                             125 6102   38
 0.0        2.00000000          0          0          2          2 125 6102   39
-2.75336D-5-1.77241D-7                                             125 6102   40
 0.0        5.00000000          0          0          2          2 125 6102   41
-4.35175D-5-4.43113D-7                                             125 6102   42
 0.0        10.0000000          0          0          2          2 125 6102   43
-6.15166D-5-8.86257D-7                                             125 6102   44
 0.0        20.0000000          0          0          2          2 125 6102   45
-8.69463D-5-1.77264D-6                                             125 6102   46
 0.0        50.0000000          0          0          2          2 125 6102   47
-1.37322D-4-4.43257D-6                                             125 6102   48
 0.0        100.000000          0          0          2          2 125 6102   49
-1.93981D-4-8.86837D-6                                             125 6102   50
 0.0        200.000000          0          0          2          2 125 6102   51
-2.73939D-4-1.77497D-5                                             125 6102   52
 0.0        500.000000          0          0          2          2 125 6102   53
-4.32180D-4-4.44711D-5                                             125 6102   54
 0.0        1000.00000          0          0          2          2 125 6102   55
-6.10289D-4-8.92654D-5                                             125 6102   56
 0.0        2000.00000          0          0          2          2 125 6102   57
-8.62803D-4-1.79823D-4                                             125 6102   58
 0.0        4000.00000          0          0          2          2 125 6102   59
-.001223820-3.64801D-4                                             125 6102   60
 0.0        6000.00000          0          0          2          2 125 6102   61
-.001506157-5.54910D-4                                             125 6102   62
 0.0        8000.00000          0          0          2          2 125 6102   63
-.001749114-7.50125D-4                                             125 6102   64
 0.0        10000.0000          0          0          2          2 125 6102   65
-.001967668-9.50418D-4                                             125 6102   66
 0.0        15000.0000          0          0          2          2 125 6102   67
-.002449569-.001473184                                             125 6102   68
 0.0        20000.0000          0          0          2          2 125 6102   69
-.002876077-.002027054                                             125 6102   70
 0.0        40000.0000          0          0          2          2 125 6102   71
-.004330502-.004543273                                             125 6102   72
 0.0        60000.0000          0          0          2          2 125 6102   73
-.005588012-.007512594                                             125 6102   74
 0.0        80000.0000          0          0          2          2 125 6102   75
-.006724929-.010892620                                             125 6102   76
 0.0        100000.000          0          0          2          2 125 6102   77
-.007758366-.014636260                                             125 6102   78
 0.0        150000.000          0          0          2          2 125 6102   79
-.009901105-.025254600                                             125 6102   80
 0.0        200000.000          0          0          2          2 125 6102   81
-.011408890-.037039150                                             125 6102   82
 0.0        300000.000          0          0          2          2 125 6102   83
-.012664250-.061384150                                             125 6102   84
 0.0        400000.000          0          0          2          2 125 6102   85
-.012133010-.083794470                                             125 6102   86
 0.0        500000.000          0          0          2          2 125 6102   87
-.010561210-.102724100                                             125 6102   88
 0.0        600000.000          0          0          2          2 125 6102   89
-.008522321-.118060500                                             125 6102   90
 0.0        700000.000          0          0          2          2 125 6102   91
-.006371616-.130281500                                             125 6102   92
 0.0        800000.000          0          0          2          2 125 6102   93
-.004301040-.139995200                                             125 6102   94
 0.0        900000.000          0          0          2          2 125 6102   95
-.002401380-.147755400                                             125 6102   96
 0.0        1000000.00          0          0          2          2 125 6102   97
-7.06600D-4-.154011000                                             125 6102   98
 0.0        1200000.00          0          0          2          2 125 6102   99
 .002066314-.163310400                                             125 6102  100
 0.0        1400000.00          0          0          2          2 125 6102  101
 .004113510-.169766200                                             125 6102  102
 0.0        1600000.00          0          0          2          2 125 6102  103
 .005580115-.174443500                                             125 6102  104
 0.0        1800000.00          0          0          2          2 125 6102  105
 .006596882-.177961200                                             125 6102  106
 0.0        2000000.00          0          0          2          2 125 6102  107
 .007268662-.180691300                                             125 6102  108
 0.0        2200000.00          0          0          2          2 125 6102  109
 .007676578-.182866200                                             125 6102  110
 0.0        2400000.00          0          0          2          2 125 6102  111
 .007882812-.184636100                                             125 6102  112
 0.0        2600000.00          0          0          2          2 125 6102  113
 .007935062-.186101300                                             125 6102  114
 0.0        2800000.00          0          0          2          2 125 6102  115
 .007870077-.187331000                                             125 6102  116
 0.0        3000000.00          0          0          2          2 125 6102  117
 .007716323-.188374400                                             125 6102  118
 0.0        3200000.00          0          0          2          2 125 6102  119
 .007495973-.189266900                                             125 6102  120
 0.0        3400000.00          0          0          2          2 125 6102  121
 .007226370-.190035300                                             125 6102  122
 0.0        3600000.00          0          0          2          2 125 6102  123
 .006921133-.190699800                                             125 6102  124
 0.0        3800000.00          0          0          2          2 125 6102  125
 .006590983-.191276000                                             125 6102  126
 0.0        4000000.00          0          0          2          2 125 6102  127
 .006244365-.191776500                                             125 6102  128
 0.0        4200000.00          0          0          2          2 125 6102  129
 .005887935-.192211300                                             125 6102  130
 0.0        4400000.00          0          0          2          2 125 6102  131
 .005526930-.192588600                                             125 6102  132
 0.0        4600000.00          0          0          2          2 125 6102  133
 .005165453-.192915300                                             125 6102  134
 0.0        4800000.00          0          0          2          2 125 6102  135
 .004806706-.193197100                                             125 6102  136
 0.0        5000000.00          0          0          2          2 125 6102  137
 .004453165-.193439100                                             125 6102  138
 0.0        5500000.00          0          0          2          2 125 6102  139
 .003603391-.193896000                                             125 6102  140
 0.0        6000000.00          0          0          2          2 125 6102  141
 .002815255-.194181700                                             125 6102  142
 0.0        6500000.00          0          0          2          2 125 6102  143
 .002096231-.194335200                                             125 6102  144
 0.0        7000000.00          0          0          2          2 125 6102  145
 .001447420-.194386200                                             125 6102  146
 0.0        7500000.00          0          0          2          2 125 6102  147
8.663608D-4-.194357800                                             125 6102  148
 0.0        8000000.00          0          0          2          2 125 6102  149
 3.48710D-4-.194268100                                             125 6102  150
 0.0        8500000.00          0          0          2          2 125 6102  151
-1.10741D-4-.194131400                                             125 6102  152
 0.0        9000000.00          0          0          2          2 125 6102  153
-5.17467D-4-.193959400                                             125 6102  154
 0.0        9500000.00          0          0          2          2 125 6102  155
-8.76859D-4-.193761200                                             125 6102  156
 0.0        10000000.0          0          0          2          2 125 6102  157
-.001194036-.193544000                                             125 6102  158
 0.0        10500000.0          0          0          2          2 125 6102  159
-.001473748-.193313700                                             125 6102  160
 0.0        11000000.0          0          0          2          2 125 6102  161
-.001720340-.193074900                                             125 6102  162
 0.0        11500000.0          0          0          2          2 125 6102  163
-.001937748-.192831200                                             125 6102  164
 0.0        12000000.0          0          0          2          2 125 6102  165
-.002129522-.192585200                                             125 6102  166
 0.0        12500000.0          0          0          2          2 125 6102  167
-.002298847-.192339200                                             125 6102  168
 0.0        13000000.0          0          0          2          2 125 6102  169
-.002448582-.192094600                                             125 6102  170
 0.0        13500000.0          0          0          2          2 125 6102  171
-.002581289-.191852600                                             125 6102  172
 0.0        14000000.0          0          0          2          2 125 6102  173
-.002699266-.191613900                                             125 6102  174
 0.0        14500000.0          0          0          2          2 125 6102  175
-.002804579-.191378800                                             125 6102  176
 0.0        15000000.0          0          0          2          2 125 6102  177
-.002899088-.191147600                                             125 6102  178
 0.0        15500000.0          0          0          2          2 125 6102  179
-.002984468-.190920200                                             125 6102  180
 0.0        16000000.0          0          0          2          2 125 6102  181
-.003062237-.190696500                                             125 6102  182
 0.0        16500000.0          0          0          2          2 125 6102  183
-.003133766-.190476000                                             125 6102  184
 0.0        17000000.0          0          0          2          2 125 6102  185
-.003200303-.190258300                                             125 6102  186
 0.0        17500000.0          0          0          2          2 125 6102  187
-.003262978-.190043000                                             125 6102  188
 0.0        18000000.0          0          0          2          2 125 6102  189
-.003322823-.189829400                                             125 6102  190
 0.0        18500000.0          0          0          2          2 125 6102  191
-.003380775-.189616800                                             125 6102  192
 0.0        19000000.0          0          0          2          2 125 6102  193
-.003437687-.189404600                                             125 6102  194
 0.0        19500000.0          0          0          2          2 125 6102  195
-.003494338-.189192100                                             125 6102  196
 0.0        20000000.0          0          0          2          2 125 6102  197
-.003551430-.188978400                                             125 6102  198
 1002.00000 1.99625600          0          4          1          2 125 6102  199
          2          2                                             125 6102  200
 1.00000D-5 1.00000000 20000000.0 1.00000000                       125 6102  201
                                                                   125 6  099999
                                                                   125 0  0    0
 1001.00000 .999167300          0          0          0          1 12533  1    1
 0.0        0.0                 0          1          1          0 12533  1    2
 0.0        0.0                 0          0          0          0 12533  1    3
 1.00000D-5 20000000.0          0          0          4          2 12533  1    4
 1.00000000 2.00000000 1.00000000 102.000000                       12533  1    5
                                                                   12533  099999
 1001.00000 .999167300          0          0          0          1 12533  2    1
 0.0        0.0                 0          2          0          1 12533  2    2
 0.0        0.0                 1          5        105         14 12533  2    3
 1.00000D-5 100000.000 500000.000 1000000.00 2000000.00 4000000.00 12533  2    4
 6000000.00 8000000.00 10000000.0 12000000.0 14000000.0 16000000.0 12533  2    5
 18000000.0 20000000.08.775421D-61.388488D-52.798014D-53.886612D-5 12533  2    6
5.252287D-56.777471D-57.463617D-57.528545D-57.060244D-56.122967D-5 12533  2    7
4.775498D-53.073537D-5 1.07019D-5 2.21044D-54.465602D-56.204039D-5 12533  2    8
8.383452D-51.081557D-41.190943D-4 1.20119D-41.126373D-49.768016D-5 12533  2    9
7.618379D-54.903286D-5 1.70763D-59.030923D-51.254821D-41.695648D-4 12533  2   10
2.187486D-4 2.40870D-42.429369D-42.277937D-41.975551D-41.540766D-4 12533  2   11
9.916675D-53.454125D-51.743597D-4 2.35628D-43.039931D-43.347426D-4 12533  2   12
3.376183D-43.165935D-42.745613D-4 2.14138D-4 1.37822D-44.800182D-5 12533  2   13
3.184498D-44.108886D-4 4.52472D-44.563926D-44.279883D-43.711586D-4 12533  2   14
2.894741D-41.863129D-46.488835D-55.302406D-45.839602D-45.890303D-4 12533  2   15
5.523777D-44.790528D-43.736303D-42.404747D-48.375597D-56.431584D-4 12533  2   16
6.487303D-46.084044D-45.276573D-44.115408D-42.648832D-4 9.22628D-5 12533  2   17
6.544328D-46.137411D-45.322913D-44.151704D-42.672193D-49.309246D-5 12533  2   18
5.755823D-44.992121D-43.893697D-42.506376D-48.733193D-54.329712D-4 12533  2   19
3.377302D-42.174015D-47.578035D-52.634467D-41.696098D-45.915869D-5 12533  2   20
1.092319D-43.815535D-51.342329D-5                                  12533  2   21
                                                                   12533  099999
 1001.00000 .999167300          0          0          0          1 12533102    1
 0.0        0.0                 0        102          0          1 12533102    2
 0.0        0.0                 1          5        105         14 12533102    3
 1.00000D-5 100000.000 500000.000 1000000.00 2000000.00 4000000.00 12533102    4
 6000000.00 8000000.00 10000000.0 12000000.0 14000000.0 16000000.0 12533102    5
 18000000.0 20000000.06.517639D-4 .001140603 .001814264 .001560636 12533102    6
 .0011600867.845021D-45.101179D-42.636961D-44.036087D-5-1.61143D-4 12533102    7
-3.41830D-4-5.04038D-4-6.48810D-4 .005308228 .023157110 .029705840 12533102    8
 .028781150 .022862280 .018112820 .014544550 .011825600 .009720475 12533102    9
 .008052594 .006706298 .005592814 .131598800 .177149300 .175476600 12533102   10
 .140676100 .112396700 .091504100 .075903880 .064061040 .054862130 12533102   11
 .047571090 .041630910 .240330700 .238889100 .191763200 .153384400 12533102   12
 .125096100 .104030400 .088083870 .075731230 .065966780 .058028000 12533102   13
 .237834900 .191038800 .152887900 .124793300 .103892500 .088094520 12533102   14
 .075868710 .066215550 .058373010 .153518400 .122908600 .100371700 12533102   15
 .083612560 .070948690 .061152140 .053418520 .047137400 .098439900 12533102   16
 .080430220 .067042130 .056929730 .049109280 .042937680 .037926210 12533102   17
 .065764060 .054867460 .046643860 .040287710 .035275840 .031207570 12533102   18
 .045833750 .039022450 .033765060 .029623700 .026265670 .033287580 12533102   19
 .028867090 .025390810 .022575070 .025100440 .022143850 .019753660 12533102   20
 .019601920 .017551050 .015778990                                  12533102   21
                                                                   12533  099999
                                                                   125 0  0    0
                                                                     0 0  0    0
                                                                    -1 0  0    0
