

 ***************** Program ENDF2C (Version 2014-1) ***************
      Convert ENDF Data to Standard FORTRAN, C and C++ Format     
 -----------------------------------------------------------------------
 ENDF Tape Label (TPID)
 -----------------------------------------------------------------------
 $Rev:: 532      $  $Date:: 2011-12-05#$                             1 0  0    0
 -----------------------------------------------------------------------
 Input       Output         Fractional Diff.    MAT MF  MT  Seq# Format
 -----------------------------------------------------------------------
 -1.60266-14 -1.6027D-14   -2.495850648281D-05  125  4   2     6    6
 -7.75773-18 -7.7577D-18    3.867110611063D-06  125  4   2     6    6
 -2.23184-17 -2.2318D-17    1.792243171548D-05  125  4   2     6    6
 -3.19039-14 -3.1904D-14   -3.134413034172D-06  125  4   2     8    6
 -1.39639-17 -1.3964D-17   -7.161323125875D-06  125  4   2     8    6
 -4.06982-17 -4.0698D-17    4.914222250488D-06  125  4   2     8    6
 -7.99013-14 -7.9901D-14    3.754632277686D-06  125  4   2    10    6
 -3.54468-17 -3.5447D-17   -5.642258257472D-06  125  4   2    10    6
 -1.59704-13 -1.5970D-13    2.504633572116D-05  125  4   2    12    6
 -1.86185-17 -1.8619D-17   -2.685500980221D-05  125  4   2    12    6
 -2.75698-17 -2.7570D-17   -7.254314503474D-06  125  4   2    12    6
 -3.19498-13 -3.1950D-13   -6.259820092750D-06  125  4   2    14    6
 -7.31443-18 -7.3144D-18    4.101481591761D-06  125  4   2    14    6
 -1.08608-17 -1.0861D-17   -1.841484973477D-05  125  4   2    14    6
 -3.01955-17 -3.0196D-17   -1.655875875552D-05  125  4   2    14    6
 -7.98632-13 -7.9863D-13    2.504282322827D-06  125  4   2    16    6
 -1.55155-17 -1.5516D-17   -3.222583867741D-05  125  4   2    16    6
 -3.54468-17 -3.5447D-17   -5.642258257472D-06  125  4   2    16    6
 -1.59733-12 -1.5973D-12    1.878134136350D-05  125  4   2    18    6
 -2.01701-17 -2.0170D-17    4.957833625043D-06  125  4   2    18    6
 -2.62569-17 -2.6257D-17   -3.808522712144D-06  125  4   2    18    6
 -1.24124-17 -1.2412D-17    3.222583867748D-05  125  4   2    20    6
 -2.62569-17 -2.6257D-17   -3.808522712144D-06  125  4   2    20    6
 -7.98612-12 -7.9861D-12    2.504345038672D-06  125  4   2    22    6
 -1.55155-18 -1.5516D-18   -3.222583867736D-05  125  4   2    22    6
 -2.36312-17 -2.3631D-17    8.463387386208D-06  125  4   2    22    6
 -1.59724-11 -1.5972D-11    2.504319951926D-05  125  4   2    24    6
 -1.08608-17 -1.0861D-17   -1.841484973477D-05  125  4   2    24    6
 -3.15083-17 -3.1508D-17    9.521300736677D-06  125  4   2    24    6
 -6.70489-18 -6.7049D-18   -1.491448778390D-06  125  4   2    26    6
 -3.10309-18 -3.1031D-18   -3.222594252866D-06  125  4   2    26    6
 -2.36312-17 -2.3631D-17    8.463387386208D-06  125  4   2    26    6
 -7.98616-11 -7.9862D-11   -5.008664990250D-06  125  4   2    28    6
 -1.57542-17 -1.5754D-17    1.269502735785D-05  125  4   2    28    6
 -1.59723-10 -1.5972D-10    1.878251723312D-05  125  4   2    30    6
 -1.86186-17 -1.8619D-17   -2.148389245174D-05  125  4   2    30    6
 -3.01955-17 -3.0196D-17   -1.655875875552D-05  125  4   2    30    6
 -3.19447-10 -3.1945D-10   -9.391229218073D-06  125  4   2    32    6
 -1.08608-17 -1.0861D-17   -1.841484973477D-05  125  4   2    32    6
 -2.49441-17 -2.4944D-17    4.008964043621D-06  125  4   2    32    6
 -7.98616-10 -7.9862D-10   -5.008664990347D-06  125  4   2    34    6
 -3.65723-18 -3.6572D-18    8.202929539567D-06  125  4   2    34    6
 -2.75699-17 -2.7570D-17   -3.627144095459D-06  125  4   2    34    6
 -1.55156-18 -1.5516D-18   -2.578050478223D-05  125  4   2    36    6
 -3.194455-9 -3.19446D-9   -1.565212219280D-06  125  4   2    38    6
 -1.70672-17 -1.7067D-17    1.171838380038D-05  125  4   2    38    6
 -3.24284-17 -3.2428D-17    1.233486696852D-05  125  4   2    40    6
 -1.08612-17 -1.0861D-17    1.841417154637D-05  125  4   2    40    6
 -3.28222-17 -3.2822D-17    6.093436759108D-06  125  4   2    40    6
 -1.597207-8 -1.59721D-8   -1.878278770356D-06  125  4   2    42    6
 -2.03537-16 -2.0354D-16   -1.473933486284D-05  125  4   2    42    6
 -1.24132-17 -1.2413D-17    1.611188090093D-05  125  4   2    42    6
 -3.194365-8 -3.19437D-8   -1.565256318426D-06  125  4   2    44    6
 -7.74944-16 -7.7494D-16    5.161663294469D-06  125  4   2    44    6
 -3.93906-17 -3.9391D-17   -1.015470696044D-05  125  4   2    44    6
 -7.985539-8 -7.98554D-8   -1.252263622602D-07  125  4   2    46    6
 -5.10514-15 -5.1051D-15    7.835240561453D-06  125  4   2    46    6
 -3.10411-18 -3.1041D-18    3.221535319343D-06  125  4   2    46    6
 -3.67718-17 -3.6772D-17   -5.438950500138D-06  125  4   2    46    6
 -1.596984-7 -1.59698D-7    2.504721399974D-06  125  4   2    48    6
 -2.05328-14 -2.0533D-14   -9.740512740527D-06  125  4   2    48    6
 -3.94113-17 -3.9411D-17    7.612030052175D-06  125  4   2    48    6
 -3.193475-7 -3.19348D-7   -1.565692544832D-06  125  4   2    50    6
 -8.21402-14 -8.2140D-14    2.434861371190D-06  125  4   2    50    6
 -3.68081-17 -3.6808D-17    2.716793314528D-06  125  4   2    50    6
 -7.979992-7 -7.97999D-7    2.506268177841D-07  125  4   2    52    6
 -5.16787-13 -5.1679D-13   -5.805099586317D-06  125  4   2    52    6
 -4.18567-17 -4.1857D-17   -7.167311326537D-06  125  4   2    52    6
 -5.53211-17 -5.5321D-17    1.807628554032D-06  125  4   2    52    6
 -2.09124-12 -2.0912D-12    1.912740766247D-05  125  4   2    54    6
 -9.87812-17 -9.8781D-17    2.024676760365D-06  125  4   2    54    6
 -8.85397-17 -8.8540D-17   -3.388310554421D-06  125  4   2    54    6
 -3.184639-6 -3.18464D-6   -3.140073334024D-07  125  4   2    56    6
 -8.56141-12 -8.5614D-12    1.168031901395D-06  125  4   2    56    6
 -1.09492-15 -1.0949D-15    1.826617469783D-05  125  4   2    56    6
 -2.10379-16 -2.1038D-16   -4.753326139931D-06  125  4   2    56    6
 -1.54293-16 -1.5429D-16    1.944352627794D-05  125  4   2    56    6
 -6.349769-6 -6.34977D-6   -1.574860440182D-07  125  4   2    58    6
 -3.58201-11 -3.5820D-11    2.791728666476D-06  125  4   2    58    6
 -1.20454-14 -1.2045D-14    3.320769754434D-05  125  4   2    58    6
 -2.77547-16 -2.7755D-16   -1.080898010068D-05  125  4   2    58    6
 -9.495571-6 -9.49557D-6    1.053122555128D-07  125  4   2    60    6
 -8.41232-11 -8.4123D-11    2.377465431796D-06  125  4   2    60    6
 -4.25633-14 -4.2563D-14    7.048325670302D-06  125  4   2    60    6
 -3.99784-16 -3.9978D-16    1.000540291762D-05  125  4   2    60    6
 -1.262222-5 -1.26222D-5    1.584507321193D-06  125  4   2    62    6
 -1.55793-10 -1.5579D-10    1.925632088750D-05  125  4   2    62    6
 -1.02516-13 -1.0252D-13   -3.901829958250D-05  125  4   2    62    6
 -8.97991-16 -8.9799D-16    1.113596906892D-06  125  4   2    62    6
 -5.08401-16 -5.0840D-16    1.966951284745D-06  125  4   2    62    6
 -1.572988-5 -1.57299D-5   -1.271465516673D-06  125  4   2    64    6
 -2.53125-10 -2.5313D-10   -1.975308641972D-05  125  4   2    64    6
 -2.01665-13 -2.0167D-13   -2.479359333540D-05  125  4   2    64    6
 -1.10247-15 -1.1025D-15   -2.721162480605D-05  125  4   2    64    6
 -6.37732-16 -6.3773D-16    3.136113602633D-06  125  4   2    64    6
 -2.341705-5 -2.34171D-5   -2.135196363338D-06  125  4   2    66    6
 -6.23577-10 -6.2358D-10   -4.810953578984D-06  125  4   2    66    6
 -6.85172-13 -6.8517D-13    2.918975089531D-06  125  4   2    66    6
 -1.64983-15 -1.6498D-15    1.818369165315D-05  125  4   2    66    6
 -9.20665-16 -9.2067D-16   -5.430857043429D-06  125  4   2    66    6
 -3.098916-5 -3.09892D-5   -1.290773935234D-06  125  4   2    68    6
 -1.203382-9 -1.20338D-9    1.661982645763D-06  125  4   2    68    6
 -1.62729-12 -1.6273D-12   -6.145186168363D-06  125  4   2    68    6
 -2.16036-15 -2.1604D-15   -1.851543261285D-05  125  4   2    68    6
 -1.20837-15 -1.2084D-15   -2.482683284087D-05  125  4   2    68    6
 -6.017609-5 -6.01761D-5   -1.661789591298D-07  125  4   2    70    6
 -6.280662-9 -6.28066D-9    3.184377698780D-07  125  4   2    70    6
 -1.30259-11 -1.3026D-11   -7.677012720777D-06  125  4   2    70    6
 -2.50603-15 -2.5060D-15    1.197112564515D-05  125  4   2    70    6
 -2.30173-15 -2.3017D-15    1.303367467101D-05  125  4   2    70    6
 -4.39109-11 -4.3911D-11   -2.277338883957D-06  125  4   2    72    6
 -3.34847-15 -3.3485D-15   -8.959315747110D-06  125  4   2    72    6
 -1.137323-4 -1.13732D-4    2.637773086515D-06  125  4   2    74    6
 -3.597396-8 -3.59740D-8   -1.111915396384D-06  125  4   2    74    6
 -1.03952-10 -1.0395D-10    1.923964906897D-05  125  4   2    74    6
 -4.32911-15 -4.3291D-15    2.309943614225D-06  125  4   2    74    6
 -1.383631-4 -1.38363D-4    7.227360474505D-07  125  4   2    76    6
 -6.405486-8 -6.40549D-8   -6.244647166431D-07  125  4   2    76    6
 -2.02786-10 -2.0279D-10   -1.972522757973D-05  125  4   2    76    6
 -5.25339-15 -5.2534D-15   -1.903532766269D-06  125  4   2    76    6
 -1.945814-4 -1.94581D-4    2.055694943098D-06  125  4   2    78    6
 -1.845765-7 -1.84577D-7   -2.708903896148D-06  125  4   2    78    6
 -6.82708-10 -6.8271D-10   -2.929510127190D-06  125  4   2    78    6
 -7.36238-15 -7.3624D-15   -2.716512866703D-06  125  4   2    78    6
 -2.443254-4 -2.44325D-4    1.637160933853D-06  125  4   2    80    6
 -3.918098-7 -3.91810D-7   -5.104517548677D-07  125  4   2    80    6
 -1.615474-9 -1.61547D-9    2.476053468048D-06  125  4   2    80    6
 -9.20369-15 -9.2037D-15   -1.086520732421D-06  125  4   2    80    6
 -3.290903-4 -3.29090D-4    9.116038973136D-07  125  4   2    82    6
 -1.22425-14 -1.2243D-14   -4.084133142740D-05  125  4   2    82    6
 -2.337498-6 -2.33750D-6   -8.556157053633D-07  125  4   2    84    6
 -1.290992-8 -1.29099D-8    1.549196277081D-06  125  4   2    84    6
 -1.48697-14 -1.4870D-14   -2.017525572113D-05  125  4   2    84    6
 -1.45192-14 -1.4519D-14    1.377486362898D-05  125  4   2    84    6
 -4.621893-4 -4.62189D-4    6.490846933239D-07  125  4   2    86    6
 -4.083129-6 -4.08313D-6   -2.449102145419D-07  125  4   2    86    6
 -2.526481-8 -2.52648D-8    3.958074493015D-07  125  4   2    86    6
 -1.02242-13 -1.0224D-13    1.956143267939D-05  125  4   2    86    6
 -1.58821-14 -1.5882D-14    6.296396572300D-06  125  4   2    86    6
 -6.382473-6 -6.38247D-6    4.700372410304D-07  125  4   2    88    6
 -4.379453-8 -4.37945D-8    6.850170558503D-07  125  4   2    88    6
 -3.20661-13 -3.2066D-13    3.118558228228D-06  125  4   2    88    6
 -1.56563-14 -1.5656D-14    1.916161545190D-05  125  4   2    88    6
 -5.730205-4 -5.73021D-4   -8.725691313900D-07  125  4   2    90    6
 -9.243512-6 -9.24351D-6    2.163679779373D-07  125  4   2    90    6
 -7.84302-13 -7.8430D-13    2.550038123255D-06  125  4   2    90    6
 -1.23928-14 -1.2393D-14   -1.613840294367D-05  125  4   2    90    6
 -6.259455-4 -6.25946D-4   -7.987915880115D-07  125  4   2    92    6
 -1.047129-7 -1.04713D-7   -9.549921737644D-07  125  4   2    92    6
 -1.66563-12 -1.6656D-12    1.801120296822D-05  125  4   2    92    6
 -6.790848-4 -6.79085D-4   -2.945140280733D-07  125  4   2    94    6
 -1.663412-5 -1.66341D-5    1.202347944948D-06  125  4   2    94    6
 -1.498655-7 -1.49866D-7   -3.336324904580D-06  125  4   2    94    6
 -3.21013-12 -3.2101D-12    9.345415917720D-06  125  4   2    94    6
 -7.333721-4 -7.33372D-4    1.363564281135D-07  125  4   2    96    6
 -2.113963-5 -2.11396D-5    1.419135528961D-06  125  4   2    96    6
 -2.067197-7 -2.06720D-7   -1.451240496075D-06  125  4   2    96    6
 -5.75214-12 -5.7521D-12    6.953933666368D-06  125  4   2    96    6
 -8.479191-4 -8.47919D-4    1.179357796546D-07  125  4   2    98    6
 -3.614689-7 -3.61469D-7   -2.766489729524D-07  125  4   2    98    6
 -1.57123-11 -1.5712D-11    1.909332179260D-05  125  4   2    98    6
 -4.411759-5 -4.41176D-5   -2.266669598385D-07  125  4   2   100    6
 -3.66616-11 -3.6662D-11   -1.091059855521D-05  125  4   2   100    6
 -5.825473-5 -5.82547D-5    5.149796420325D-07  125  4   2   102    6
 -8.785385-7 -8.78539D-7   -5.691270216478D-07  125  4   2   102    6
 -7.63112-11 -7.6311D-11    2.620847267663D-06  125  4   2   102    6
 -1.266728-6 -1.26673D-6   -1.578870917873D-06  125  4   2   104    6
 -1.45635-10 -1.4564D-10   -3.433240635812D-05  125  4   2   104    6
 -9.081271-5 -9.08127D-5    1.101167446792D-07  125  4   2   106    6
 -2.59591-10 -2.5959D-10    3.852213674820D-06  125  4   2   106    6
 -1.088182-4 -1.08818D-4    1.837927846633D-06  125  4   2   108    6
 -2.370063-6 -2.37006D-6    1.265789137196D-06  125  4   2   108    6
 -4.37881-10 -4.3788D-10    2.283725487081D-06  125  4   2   108    6
 -3.113217-6 -3.11322D-6   -9.636334377895D-07  125  4   2   110    6
 -7.05771-10 -7.0577D-10    1.416890181105D-06  125  4   2   110    6
 -1.472563-4 -1.47256D-4    2.037264280177D-06  125  4   2   112    6
 -4.003097-6 -4.00310D-6   -7.494197617173D-07  125  4   2   112    6
 -1.094933-9 -1.09493D-9    2.739893673977D-06  125  4   2   112    6
 -1.672898-4 -1.67290D-4   -1.195530151790D-06  125  4   2   114    6
 -5.054225-6 -5.05423D-6   -9.892713520872D-07  125  4   2   114    6
 -1.644338-9 -1.64434D-9   -1.216294946670D-06  125  4   2   114    6
 -1.876084-4 -1.87608D-4    2.132100695001D-06  125  4   2   116    6
 -6.281234-6 -6.28123D-6    6.368175425578D-07  125  4   2   116    6
 -2.401177-9 -2.40118D-9   -1.249387279536D-06  125  4   2   116    6
 -2.080251-4 -2.08025D-4    4.807112219006D-07  125  4   2   118    6
 -7.698829-6 -7.69883D-6   -1.298898831747D-07  125  4   2   118    6
 -2.283584-4 -2.28358D-4    1.751632521514D-06  125  4   2   120    6
 -9.321732-6 -9.32173D-6    2.145524029739D-07  125  4   2   120    6
 -2.484323-4 -2.48432D-4    1.207572445265D-06  125  4   2   122    6
 -1.116465-5 -1.11647D-5   -4.478420729724D-06  125  4   2   122    6
 -6.531656-9 -6.53166D-9   -6.124021227727D-07  125  4   2   122    6
 -2.680766-4 -2.68077D-4   -1.492110836879D-06  125  4   2   124    6
 -1.324221-5 -1.32422D-5    7.551609588354D-07  125  4   2   124    6
 -8.788361-9 -8.78836D-9    1.137868599131D-07  125  4   2   124    6
 -1.556896-5 -1.55690D-5   -2.569214642213D-06  125  4   2   126    6
 -3.054212-4 -3.05421D-4    6.548333907862D-07  125  4   2   128    6
 -1.815928-5 -1.81593D-5   -1.101365252444D-06  125  4   2   128    6
 -1.522158-8 -1.52216D-8   -1.313924047291D-06  125  4   2   128    6
 -3.228077-4 -3.22808D-4   -9.293458613096D-07  125  4   2   130    6
 -2.102741-5 -2.10274D-5    4.755697444764D-07  125  4   2   130    6
 -3.391364-4 -3.39136D-4    1.179466433058D-06  125  4   2   132    6
 -2.418734-5 -2.41873D-5    1.653757709587D-06  125  4   2   132    6
 -2.507414-8 -2.50741D-8    1.595269070159D-06  125  4   2   132    6
 -3.542632-4 -3.54263D-4    5.645520054411D-07  125  4   2   134    6
 -2.765286-5 -2.76529D-5   -1.446504990783D-06  125  4   2   134    6
 -3.166644-8 -3.16664D-8    1.263166936546D-06  125  4   2   134    6
 -3.680489-4 -3.68049D-4   -2.717030263639D-07  125  4   2   136    6
 -3.143745-5 -3.14375D-5   -1.590459786131D-06  125  4   2   136    6
 -3.960982-8 -3.96098D-8    5.049252939391D-07  125  4   2   136    6
 -3.957751-4 -3.95775D-4    2.526687505962D-07  125  4   2   138    6
 -4.238065-5 -4.23807D-5   -1.179783698539D-06  125  4   2   138    6
 -6.677225-8 -6.67723D-8   -7.488140654666D-07  125  4   2   138    6
 -4.123175-4 -4.12318D-4   -1.212657721314D-06  125  4   2   140    6
 -1.074935-7 -1.07494D-7   -4.651444040685D-06  125  4   2   140    6
 -4.158725-4 -4.15873D-4   -1.202291567617D-06  125  4   2   142    6
 -1.664583-7 -1.66458D-7    1.802253176940D-06  125  4   2   142    6
 -4.047965-4 -4.04797D-4   -1.235188545241D-06  125  4   2   144    6
 -8.955485-5 -8.95549D-5   -5.583170537776D-07  125  4   2   144    6
 -2.493515-7 -2.49352D-7   -2.005201492727D-06  125  4   2   144    6
 -3.775963-4 -3.77596D-4    7.944993106344D-07  125  4   2   146    6
 -1.106077-4 -1.10608D-4   -2.712288565750D-06  125  4   2   146    6
 -3.629462-7 -3.62946D-7    5.510458575879D-07  125  4   2   146    6
 -3.329198-4 -3.32920D-4   -6.007452844793D-07  125  4   2   148    6
 -5.151836-7 -5.15184D-7   -7.764222305656D-07  125  4   2   148    6
 -2.695484-4 -2.69548D-4    1.483963547822D-06  125  4   2   150    6
 -1.614856-4 -1.61486D-4   -2.477001045132D-06  125  4   2   150    6
 -7.152422-7 -7.15242D-7    2.796255589846D-07  125  4   2   150    6
 -1.914957-4 -1.91496D-4   -1.566614811684D-06  125  4   2   152    6
 -9.735958-7 -9.73596D-7   -2.054240577850D-07  125  4   2   152    6
 -8.247284-5 -8.24728D-5    4.850081554461D-07  125  4   2   154    6
 -2.246381-4 -2.24638D-4    4.451604604655D-07  125  4   2   154    6
 -1.302056-6 -1.30206D-6   -3.072064488863D-06  125  4   2   154    6
 -2.609465-4 -2.60947D-4   -1.916101576407D-06  125  4   2   156    6
 -1.713804-6 -1.71380D-6    2.333989184359D-06  125  4   2   156    6
 -3.004302-4 -3.00430D-4    6.657120356542D-07  125  4   2   158    6
 -2.223397-6 -2.22340D-6   -1.349286699528D-06  125  4   2   158    6
 -3.430731-4 -3.43073D-4    2.914830688681D-07  125  4   2   160    6
 -2.846771-6 -2.84677D-6    3.512751815358D-07  125  4   2   160    6
 -3.888338-4 -3.88834D-4   -5.143585767487D-07  125  4   2   162    6
 -3.601209-6 -3.60121D-6   -2.776845221256D-07  125  4   2   162    6
 -4.376448-4 -4.37645D-4   -4.569916060102D-07  125  4   2   164    6
 -4.505303-6 -4.50530D-6    6.658819617395D-07  125  4   2   164    6
 -4.894123-4 -4.89412D-4    6.129800987713D-07  125  4   2   166    6
 -5.578885-6 -5.57889D-6   -8.962364344040D-07  125  4   2   166    6
 -5.440158-4 -5.44016D-4   -3.676363810753D-07  125  4   2   168    6
 -6.842942-6 -6.84294D-6    2.922719497664D-07  125  4   2   168    6
 -6.013074-4 -6.01307D-4    6.652171585249D-07  125  4   2   170    6
 -8.319509-6 -8.31951D-6   -1.201994011176D-07  125  4   2   170    6
 -6.611113-4 -6.61111D-4    4.537813829440D-07  125  4   2   172    6
 -1.003153-5 -1.00315D-5    2.990570730527D-06  125  4   2   172    6
 -7.232233-4 -7.23223D-4    4.148096445370D-07  125  4   2   174    6
 -1.200272-5 -1.20027D-5    1.666288974616D-06  125  4   2   174    6
 -7.874096-4 -7.87410D-4   -5.079948225523D-07  125  4   2   176    6
 -1.425734-5 -1.42573D-5    2.805572427915D-06  125  4   2   176    6
 -8.534061-4 -8.53406D-4    1.171775079111D-07  125  4   2   178    6
 -1.682004-5 -1.68200D-5    2.378115628904D-06  125  4   2   178    6
 -9.209171-4 -9.20917D-4    1.085874070903D-07  125  4   2   180    6
 -1.971561-5 -1.97156D-5    5.072123054118D-07  125  4   2   180    6
 -9.896138-4 -9.89614D-4   -2.020990409101D-07  125  4   2   182    6
 -2.296868-5 -2.29687D-5   -8.707509529503D-07  125  4   2   182    6
 -2.660348-5 -2.66035D-5   -7.517813458243D-07  125  4   2   184    6
 -3.064351-5 -3.06435D-5    3.263333737127D-07  125  4   2   186    6
 -3.511115-5 -3.51112D-5   -1.424049055548D-06  125  4   2   188    6
 -4.541097-5 -4.54110D-5   -6.606333226382D-07  125  4   2   192    6
 -5.127882-5 -5.12788D-5    3.900245754758D-07  125  4   2   194    6
 -5.764461-5 -5.76446D-5    1.734767569891D-07  125  4   2   196    6
 -8.86237-13 -8.8624D-13   -3.385099019691D-06  125  6 102     8    6
 -8.712894-8 -8.71289D-8    4.590897124738D-07  125  6 102    10    6
 -1.77244-12 -1.7724D-12    2.256775969853D-05  125  6 102    10    6
 -1.377628-7 -1.37763D-7   -1.451770724831D-06  125  6 102    12    6
 -1.948257-7 -1.94826D-7   -1.539837916540D-06  125  6 102    14    6
 -8.86201-12 -8.8620D-12    1.128412177477D-06  125  6 102    14    6
 -2.755246-7 -2.75525D-7   -1.451775993754D-06  125  6 102    16    6
 -4.356408-7 -4.35641D-7   -4.590938220924D-07  125  6 102    18    6
 -6.160863-7 -6.16086D-7    4.869447673637D-07  125  6 102    20    6
 -8.86197-11 -8.8620D-11   -3.385251811723D-06  125  6 102    20    6
 -8.712719-7 -8.71272D-7   -1.147747332827D-07  125  6 102    22    6
 -1.77239-10 -1.7724D-10   -5.642099086447D-06  125  6 102    22    6
 -1.377584-6 -1.37758D-6    2.903634188477D-06  125  6 102    24    6
 -4.43098-10 -4.4310D-10   -4.513674175721D-06  125  6 102    24    6
 -8.86195-10 -8.8620D-10   -5.642099086359D-06  125  6 102    26    6
 -3.098663-6 -3.09866D-6    9.681594932624D-07  125  6 102    28    6
 -2.242073-9 -2.24207D-9    1.338047423134D-06  125  6 102    28    6
 -4.355973-6 -4.35597D-6    6.887095029907D-07  125  6 102    30    6
 -4.430973-9 -4.43097D-9    6.770521960141D-07  125  6 102    30    6
 -6.159994-6 -6.15999D-6    6.493512818536D-07  125  6 102    32    6
 -8.861947-9 -8.86195D-9   -3.385260597137D-07  125  6 102    32    6
 -8.710984-6 -8.71098D-6    4.591903738158D-07  125  6 102    34    6
 -1.377152-5 -1.37715D-5    1.452272516135D-06  125  6 102    36    6
 -4.430985-8 -4.43099D-8   -1.128417270564D-06  125  6 102    36    6
 -1.947309-5 -1.94731D-5   -5.135291831291D-07  125  6 102    38    6
 -1.772412-7 -1.77241D-7    1.128405810900D-06  125  6 102    40    6
 -4.351746-5 -4.35175D-5   -9.191712936095D-07  125  6 102    42    6
 -4.431126-7 -4.43113D-7   -9.027050911409D-07  125  6 102    42    6
 -6.151655-5 -6.15166D-5   -8.127894038840D-07  125  6 102    44    6
 -8.862572-7 -8.86257D-7    2.256681244341D-07  125  6 102    44    6
 -1.772643-6 -1.77264D-6    1.692388145764D-06  125  6 102    46    6
 -1.373224-4 -1.37322D-4    2.912853256285D-06  125  6 102    48    6
 -4.432573-6 -4.43257D-6    6.768078043771D-07  125  6 102    48    6
 -1.939814-4 -1.93981D-4    2.062053372272D-06  125  6 102    50    6
 -8.868372-6 -8.86837D-6    2.255205350863D-07  125  6 102    50    6
 -2.739385-4 -2.73939D-4   -1.825227194986D-06  125  6 102    52    6
 -1.774966-5 -1.77497D-5   -2.253564293593D-06  125  6 102    52    6
 -4.321803-4 -4.32180D-4    6.941547313658D-07  125  6 102    54    6
 -4.447111-5 -4.44711D-5    2.248650865854D-07  125  6 102    54    6
 -6.102892-4 -6.10289D-4    3.277134841452D-07  125  6 102    56    6
 -8.926541-5 -8.92654D-5    1.120254754972D-07  125  6 102    56    6
 -1.798225-4 -1.79823D-4   -2.780519679172D-06  125  6 102    58    6
 -3.648006-4 -3.64801D-4   -1.096489424562D-06  125  6 102    60    6
 -5.549101-4 -5.54910D-4    1.802093709127D-07  125  6 102    62    6
 -9.504182-4 -9.50418D-4    2.104336808540D-07  125  6 102    66    6
 -7.066004-4 -7.06600D-4    5.660908202543D-07  125  6 102    98    6
 -5.174665-4 -5.17467D-4   -9.662461242652D-07  125  6 102   154    6
 -8.768586-4 -8.76859D-4   -4.561738915711D-07  125  6 102   156    6
 -1.611428-4 -1.61143D-4   -1.241135191811D-06  125 33 102     7    6
 -3.418297-4 -3.41830D-4   -8.776300011201D-07  125 33 102     8    6
 -5.040382-4 -5.04038D-4    3.967953221795D-07  125 33 102     8    6
 -6.488102-4 -6.48810D-4    3.082565595735D-07  125 33 102     8    6
